{"contracts\\game\\Poker.sol":{"l":{"28":0,"29":0,"32":0},"path":"D:\\telegram-work\\Poker - 2\\Poker-round - m\\contracts\\game\\Poker.sol","s":{"1":0},"b":{},"f":{"1":0,"2":0},"fnMap":{"1":{"name":"playerRegister","line":27,"loc":{"start":{"line":27,"column":4},"end":{"line":30,"column":4}}},"2":{"name":"getPK","line":31,"loc":{"start":{"line":31,"column":4},"end":{"line":33,"column":4}}}},"statementMap":{"1":{"start":{"line":32,"column":8},"end":{"line":32,"column":61}}},"branchMap":{}},"contracts\\PokerManager\\BitMaps.sol":{"l":{"16":0,"17":0,"18":0,"25":0,"26":0,"28":0,"36":0,"37":0,"44":0,"45":0,"51":0,"52":0,"53":0,"54":0},"path":"D:\\telegram-work\\Poker - 2\\Poker-round - m\\contracts\\PokerManager\\BitMaps.sol","s":{"1":0,"2":0,"3":0,"4":0,"5":0,"6":0,"7":0,"8":0,"9":0,"10":0},"b":{"1":[0,0],"2":[0,0],"3":[0,0]},"f":{"1":0,"2":0,"3":0,"4":0,"5":0},"fnMap":{"1":{"name":"get","line":15,"loc":{"start":{"line":15,"column":4},"end":{"line":19,"column":4}}},"2":{"name":"setTo","line":24,"loc":{"start":{"line":24,"column":4},"end":{"line":30,"column":4}}},"3":{"name":"set","line":35,"loc":{"start":{"line":35,"column":4},"end":{"line":38,"column":4}}},"4":{"name":"unset","line":43,"loc":{"start":{"line":43,"column":4},"end":{"line":46,"column":4}}},"5":{"name":"memberCountUpTo","line":50,"loc":{"start":{"line":50,"column":4},"end":{"line":57,"column":4}}}},"statementMap":{"1":{"start":{"line":16,"column":8},"end":{"line":16,"column":49}},"2":{"start":{"line":17,"column":8},"end":{"line":17,"column":42}},"3":{"start":{"line":18,"column":8},"end":{"line":18,"column":39}},"4":{"start":{"line":25,"column":8},"end":{"line":25,"column":797}},"5":{"start":{"line":26,"column":12},"end":{"line":26,"column":29}},"6":{"start":{"line":28,"column":12},"end":{"line":28,"column":31}},"7":{"start":{"line":36,"column":8},"end":{"line":36,"column":42}},"8":{"start":{"line":44,"column":8},"end":{"line":44,"column":42}},"9":{"start":{"line":52,"column":8},"end":{"line":52,"column":1559}},"10":{"start":{"line":53,"column":12},"end":{"line":53,"column":1608}}},"branchMap":{"1":{"line":16,"type":"if","locations":[{"start":{"line":16,"column":8},"end":{"line":16,"column":8}},{"start":{"line":16,"column":8},"end":{"line":16,"column":8}}]},"2":{"line":25,"type":"if","locations":[{"start":{"line":25,"column":8},"end":{"line":25,"column":8}},{"start":{"line":25,"column":8},"end":{"line":25,"column":8}}]},"3":{"line":53,"type":"if","locations":[{"start":{"line":53,"column":12},"end":{"line":53,"column":12}},{"start":{"line":53,"column":12},"end":{"line":53,"column":12}}]}}},"contracts\\PokerManager\\Deck.sol":{"l":{"43":0,"97":0,"98":0,"99":0,"100":0,"102":0},"path":"D:\\telegram-work\\Poker - 2\\Poker-round - m\\contracts\\PokerManager\\Deck.sol","s":{"1":0,"2":0},"b":{},"f":{"1":0},"fnMap":{"1":{"name":"initDeck","line":41,"loc":{"start":{"line":41,"column":4},"end":{"line":103,"column":4}}}},"statementMap":{"1":{"start":{"line":43,"column":8},"end":{"line":43,"column":912}},"2":{"start":{"line":99,"column":8},"end":{"line":99,"column":5798}}},"branchMap":{}},"contracts\\PokerManager\\ECC.sol":{"l":{"30":0,"35":0,"50":0,"52":0,"54":0,"64":0,"65":0,"66":0,"67":0,"68":0,"69":0,"71":0,"74":0,"85":0,"86":0,"87":0,"88":0,"89":0,"90":0,"92":0,"95":0,"107":0,"108":0,"109":0,"110":0,"111":0,"112":0,"113":0,"114":0,"115":0,"116":0,"117":0,"119":0,"120":0,"122":0,"132":0,"154":0,"155":0,"156":0,"157":0,"158":0,"159":0,"160":0,"161":0,"162":0,"172":0,"173":0,"174":0,"175":0,"176":0,"177":0,"178":0,"179":0,"181":0,"183":0,"185":0,"186":0,"191":0,"192":0,"193":0,"194":0,"195":0,"204":0,"205":0,"206":0,"214":0,"225":0,"257":0,"262":0,"266":0,"267":0,"269":0},"path":"D:\\telegram-work\\Poker - 2\\Poker-round - m\\contracts\\PokerManager\\ECC.sol","s":{"1":0,"2":0,"3":0,"4":0,"5":0,"6":0,"7":0,"8":0,"9":0,"10":0,"11":0,"12":0,"13":0,"14":0,"15":0,"16":0,"17":0,"18":0,"19":0,"20":0,"21":0,"22":0,"23":0,"24":0,"25":0,"26":0,"27":0,"28":0,"29":0,"30":0,"31":0,"32":0,"33":0,"34":0,"35":0,"36":0,"37":0,"38":0,"39":0,"40":0,"41":0,"42":0,"43":0,"44":0,"45":0,"46":0,"47":0,"48":0,"49":0},"b":{"1":[0,0],"2":[0,0],"3":[0,0],"4":[0,0],"5":[0,0],"6":[0,0],"7":[0,0],"8":[0,0],"9":[0,0],"10":[0,0],"11":[0,0],"12":[0,0],"13":[0,0],"14":[0,0],"15":[0,0],"16":[0,0]},"f":{"1":0,"2":0,"3":0,"4":0,"5":0,"6":0,"7":0,"8":0,"9":0,"10":0,"11":0,"12":0,"13":0},"fnMap":{"1":{"name":"P1","line":29,"loc":{"start":{"line":29,"column":4},"end":{"line":31,"column":4}}},"2":{"name":"P2","line":34,"loc":{"start":{"line":34,"column":4},"end":{"line":46,"column":4}}},"3":{"name":"negate","line":49,"loc":{"start":{"line":49,"column":4},"end":{"line":55,"column":4}}},"4":{"name":"addition","line":58,"loc":{"start":{"line":58,"column":4},"end":{"line":75,"column":4}}},"5":{"name":"scalar_mul","line":79,"loc":{"start":{"line":79,"column":4},"end":{"line":96,"column":4}}},"6":{"name":"pairingCheck","line":101,"loc":{"start":{"line":101,"column":4},"end":{"line":133,"column":4}}},"7":{"name":"pointAdd","line":148,"loc":{"start":{"line":148,"column":4},"end":{"line":163,"column":4}}},"8":{"name":"pointMul","line":167,"loc":{"start":{"line":167,"column":4},"end":{"line":187,"column":4}}},"9":{"name":"isOnCurve","line":190,"loc":{"start":{"line":190,"column":4},"end":{"line":196,"column":4}}},"10":{"name":"submod","line":199,"loc":{"start":{"line":199,"column":4},"end":{"line":207,"column":4}}},"11":{"name":"inverse","line":213,"loc":{"start":{"line":213,"column":4},"end":{"line":215,"column":4}}},"12":{"name":"expmod","line":220,"loc":{"start":{"line":220,"column":4},"end":{"line":244,"column":4}}},"13":{"name":"recoverY","line":252,"loc":{"start":{"line":252,"column":4},"end":{"line":271,"column":4}}}},"statementMap":{"1":{"start":{"line":30,"column":8},"end":{"line":30,"column":28}},"2":{"start":{"line":35,"column":8},"end":{"line":35,"column":941}},"3":{"start":{"line":50,"column":8},"end":{"line":50,"column":54}},"4":{"start":{"line":50,"column":34},"end":{"line":50,"column":54}},"5":{"start":{"line":52,"column":8},"end":{"line":52,"column":77}},"6":{"start":{"line":54,"column":8},"end":{"line":54,"column":47}},"7":{"start":{"line":64,"column":8},"end":{"line":64,"column":31}},"8":{"start":{"line":69,"column":8},"end":{"line":69,"column":20}},"9":{"start":{"line":74,"column":8},"end":{"line":74,"column":43}},"10":{"start":{"line":85,"column":8},"end":{"line":85,"column":54}},"11":{"start":{"line":86,"column":8},"end":{"line":86,"column":31}},"12":{"start":{"line":90,"column":8},"end":{"line":90,"column":20}},"13":{"start":{"line":95,"column":8},"end":{"line":95,"column":43}},"14":{"start":{"line":107,"column":8},"end":{"line":107,"column":57}},"15":{"start":{"line":108,"column":8},"end":{"line":108,"column":36}},"16":{"start":{"line":109,"column":8},"end":{"line":109,"column":40}},"17":{"start":{"line":110,"column":8},"end":{"line":110,"column":57}},"18":{"start":{"line":111,"column":8},"end":{"line":111,"column":4135}},"19":{"start":{"line":119,"column":8},"end":{"line":119,"column":29}},"20":{"start":{"line":120,"column":8},"end":{"line":120,"column":20}},"21":{"start":{"line":132,"column":8},"end":{"line":132,"column":58}},"22":{"start":{"line":154,"column":8},"end":{"line":154,"column":51}},"23":{"start":{"line":154,"column":34},"end":{"line":154,"column":51}},"24":{"start":{"line":155,"column":8},"end":{"line":155,"column":51}},"25":{"start":{"line":155,"column":34},"end":{"line":155,"column":51}},"26":{"start":{"line":156,"column":8},"end":{"line":156,"column":42}},"27":{"start":{"line":157,"column":8},"end":{"line":157,"column":42}},"28":{"start":{"line":158,"column":8},"end":{"line":158,"column":63}},"29":{"start":{"line":159,"column":8},"end":{"line":159,"column":75}},"30":{"start":{"line":160,"column":8},"end":{"line":160,"column":59}},"31":{"start":{"line":172,"column":8},"end":{"line":172,"column":30}},"32":{"start":{"line":173,"column":8},"end":{"line":173,"column":24}},"33":{"start":{"line":174,"column":8},"end":{"line":174,"column":24}},"34":{"start":{"line":175,"column":8},"end":{"line":175,"column":22}},"35":{"start":{"line":176,"column":8},"end":{"line":176,"column":22}},"36":{"start":{"line":177,"column":8},"end":{"line":177,"column":6602}},"37":{"start":{"line":178,"column":12},"end":{"line":178,"column":6644}},"38":{"start":{"line":191,"column":8},"end":{"line":191,"column":39}},"39":{"start":{"line":192,"column":8},"end":{"line":192,"column":39}},"40":{"start":{"line":193,"column":8},"end":{"line":193,"column":55}},"41":{"start":{"line":194,"column":8},"end":{"line":194,"column":69}},"42":{"start":{"line":195,"column":8},"end":{"line":195,"column":39}},"43":{"start":{"line":204,"column":8},"end":{"line":204,"column":24}},"44":{"start":{"line":205,"column":8},"end":{"line":205,"column":33}},"45":{"start":{"line":206,"column":8},"end":{"line":206,"column":40}},"46":{"start":{"line":214,"column":8},"end":{"line":214,"column":35}},"47":{"start":{"line":257,"column":8},"end":{"line":257,"column":9240}},"48":{"start":{"line":262,"column":8},"end":{"line":262,"column":9417}},"49":{"start":{"line":266,"column":8},"end":{"line":266,"column":9537}}},"branchMap":{"1":{"line":50,"type":"if","locations":[{"start":{"line":50,"column":8},"end":{"line":50,"column":8}},{"start":{"line":50,"column":8},"end":{"line":50,"column":8}}]},"2":{"line":52,"type":"if","locations":[{"start":{"line":52,"column":8},"end":{"line":52,"column":8}},{"start":{"line":52,"column":8},"end":{"line":52,"column":8}}]},"3":{"line":52,"type":"cond-expr","locations":[{"start":{"line":52,"column":12},"end":{"line":52,"column":30}},{"start":{"line":52,"column":35},"end":{"line":52,"column":53}}]},"4":{"line":74,"type":"if","locations":[{"start":{"line":74,"column":8},"end":{"line":74,"column":8}},{"start":{"line":74,"column":8},"end":{"line":74,"column":8}}]},"5":{"line":85,"type":"if","locations":[{"start":{"line":85,"column":8},"end":{"line":85,"column":8}},{"start":{"line":85,"column":8},"end":{"line":85,"column":8}}]},"6":{"line":95,"type":"if","locations":[{"start":{"line":95,"column":8},"end":{"line":95,"column":8}},{"start":{"line":95,"column":8},"end":{"line":95,"column":8}}]},"7":{"line":107,"type":"if","locations":[{"start":{"line":107,"column":8},"end":{"line":107,"column":8}},{"start":{"line":107,"column":8},"end":{"line":107,"column":8}}]},"8":{"line":132,"type":"if","locations":[{"start":{"line":132,"column":8},"end":{"line":132,"column":8}},{"start":{"line":132,"column":8},"end":{"line":132,"column":8}}]},"9":{"line":132,"type":"cond-expr","locations":[{"start":{"line":132,"column":12},"end":{"line":132,"column":19}},{"start":{"line":132,"column":24},"end":{"line":132,"column":34}}]},"10":{"line":154,"type":"if","locations":[{"start":{"line":154,"column":8},"end":{"line":154,"column":8}},{"start":{"line":154,"column":8},"end":{"line":154,"column":8}}]},"11":{"line":155,"type":"if","locations":[{"start":{"line":155,"column":8},"end":{"line":155,"column":8}},{"start":{"line":155,"column":8},"end":{"line":155,"column":8}}]},"12":{"line":178,"type":"if","locations":[{"start":{"line":178,"column":12},"end":{"line":178,"column":12}},{"start":{"line":178,"column":12},"end":{"line":178,"column":12}}]},"13":{"line":205,"type":"if","locations":[{"start":{"line":205,"column":8},"end":{"line":205,"column":8}},{"start":{"line":205,"column":8},"end":{"line":205,"column":8}}]},"14":{"line":257,"type":"if","locations":[{"start":{"line":257,"column":8},"end":{"line":257,"column":8}},{"start":{"line":257,"column":8},"end":{"line":257,"column":8}}]},"15":{"line":262,"type":"if","locations":[{"start":{"line":262,"column":8},"end":{"line":262,"column":8}},{"start":{"line":262,"column":8},"end":{"line":262,"column":8}}]},"16":{"line":266,"type":"if","locations":[{"start":{"line":266,"column":8},"end":{"line":266,"column":8}},{"start":{"line":266,"column":8},"end":{"line":266,"column":8}}]}}},"contracts\\verifier\\decrypt_verifier.sol":{"l":{"81":0},"path":"D:\\telegram-work\\Poker - 2\\Poker-round - m\\contracts\\verifier\\decrypt_verifier.sol","s":{},"b":{},"f":{"1":0},"fnMap":{"1":{"name":"verifyProof","line":80,"loc":{"start":{"line":80,"column":4},"end":{"line":218,"column":5}}}},"statementMap":{},"branchMap":{}},"contracts\\verifier\\decrypt_verifier1.sol":{"l":{"81":0},"path":"D:\\telegram-work\\Poker - 2\\Poker-round - m\\contracts\\verifier\\decrypt_verifier1.sol","s":{},"b":{},"f":{"1":0},"fnMap":{"1":{"name":"verifyProof","line":80,"loc":{"start":{"line":80,"column":4},"end":{"line":218,"column":5}}}},"statementMap":{},"branchMap":{}},"contracts\\verifier\\shuffle_encrypt_verifier.sol":{"l":{"702":0},"path":"D:\\telegram-work\\Poker - 2\\Poker-round - m\\contracts\\verifier\\shuffle_encrypt_verifier.sol","s":{},"b":{},"f":{"1":0},"fnMap":{"1":{"name":"verifyProof","line":701,"loc":{"start":{"line":701,"column":4},"end":{"line":1667,"column":5}}}},"statementMap":{},"branchMap":{}},"contracts\\verifier\\shuffle_encrypt_verifier1.sol":{"l":{"702":0},"path":"D:\\telegram-work\\Poker - 2\\Poker-round - m\\contracts\\verifier\\shuffle_encrypt_verifier1.sol","s":{},"b":{},"f":{"1":0},"fnMap":{"1":{"name":"verifyProof","line":701,"loc":{"start":{"line":701,"column":4},"end":{"line":1667,"column":5}}}},"statementMap":{},"branchMap":{}}}